2019-09-30 17:11:27.022[main][main] INFO  o.s.c.s.PostProcessorRegistrationDelegate$BeanPostProcessorChecker - Bean 'org.springframework.cloud.autoconfigure.ConfigurationPropertiesRebinderAutoConfiguration' of type [org.springframework.cloud.autoconfigure.ConfigurationPropertiesRebinderAutoConfiguration$$EnhancerBySpringCGLIB$$ab1e5f8d] is not eligible for getting processed by all BeanPostProcessors (for example: not eligible for auto-proxying)
2019-09-30 17:11:28.164[main][main] INFO  app.EurekaApplication - The following profiles are active: dev
2019-09-30 17:11:30.261[main][main] WARN  o.s.boot.actuate.endpoint.EndpointId - Endpoint ID 'service-registry' contains invalid characters, please migrate to a valid format.
2019-09-30 17:11:30.988[main][main] INFO  o.s.cloud.context.scope.GenericScope - BeanFactory id=89942855-f589-30ce-8f54-b54acfb2f90b
2019-09-30 17:11:31.197[main][main] INFO  o.s.c.s.PostProcessorRegistrationDelegate$BeanPostProcessorChecker - Bean 'org.springframework.cloud.autoconfigure.ConfigurationPropertiesRebinderAutoConfiguration' of type [org.springframework.cloud.autoconfigure.ConfigurationPropertiesRebinderAutoConfiguration$$EnhancerBySpringCGLIB$$ab1e5f8d] is not eligible for getting processed by all BeanPostProcessors (for example: not eligible for auto-proxying)
2019-09-30 17:11:32.368[main][main] INFO  o.s.b.w.e.tomcat.TomcatWebServer - Tomcat initialized with port(s): 8100 (http)
2019-09-30 17:11:32.399[main][main] INFO  o.a.coyote.http11.Http11NioProtocol - Initializing ProtocolHandler ["http-nio-8100"]
2019-09-30 17:11:32.422[main][main] INFO  o.a.catalina.core.StandardService - Starting service [Tomcat]
2019-09-30 17:11:32.423[main][main] INFO  o.a.catalina.core.StandardEngine - Starting Servlet engine: [Apache Tomcat/9.0.22]
2019-09-30 17:11:33.063[main][main] INFO  o.a.c.c.C.[Tomcat].[localhost].[/] - Initializing Spring embedded WebApplicationContext
2019-09-30 17:11:33.064[main][main] INFO  o.s.web.context.ContextLoader - Root WebApplicationContext: initialization completed in 4868 ms
2019-09-30 17:11:33.393[main][main] WARN  c.n.c.sources.URLConfigurationSource - No URLs will be polled as dynamic configuration sources.
2019-09-30 17:11:33.395[main][main] INFO  c.n.c.sources.URLConfigurationSource - To enable URLs as dynamic configuration sources, define System property archaius.configurationSource.additionalUrls or make config.properties available on classpath.
2019-09-30 17:11:33.435[main][main] INFO  c.n.config.DynamicPropertyFactory - DynamicPropertyFactory is initialized with configuration sources: com.netflix.config.ConcurrentCompositeConfiguration@74e6094b
2019-09-30 17:11:37.383[main][main] INFO  c.s.j.s.i.a.WebApplicationImpl - Initiating Jersey application, version 'Jersey: 1.19.1 03/11/2016 02:08 PM'
2019-09-30 17:11:37.603[main][main] INFO  c.n.d.p.DiscoveryJerseyProvider - Using JSON encoding codec LegacyJacksonJson
2019-09-30 17:11:37.607[main][main] INFO  c.n.d.p.DiscoveryJerseyProvider - Using JSON decoding codec LegacyJacksonJson
2019-09-30 17:11:37.952[main][main] INFO  c.n.d.p.DiscoveryJerseyProvider - Using XML encoding codec XStreamXml
2019-09-30 17:11:37.952[main][main] INFO  c.n.d.p.DiscoveryJerseyProvider - Using XML decoding codec XStreamXml
2019-09-30 17:11:38.811[main][main] WARN  c.n.c.sources.URLConfigurationSource - No URLs will be polled as dynamic configuration sources.
2019-09-30 17:11:38.814[main][main] INFO  c.n.c.sources.URLConfigurationSource - To enable URLs as dynamic configuration sources, define System property archaius.configurationSource.additionalUrls or make config.properties available on classpath.
2019-09-30 17:11:39.297[main][main] INFO  o.s.s.c.ThreadPoolTaskExecutor - Initializing ExecutorService 'applicationTaskExecutor'
2019-09-30 17:11:42.384[main][main] INFO  o.s.c.n.eureka.InstanceInfoFactory - Setting initial instance status as: STARTING
2019-09-30 17:11:42.464[main][main] INFO  c.netflix.discovery.DiscoveryClient - Initializing Eureka in region us-east-1
2019-09-30 17:11:42.465[main][main] INFO  c.netflix.discovery.DiscoveryClient - Client configured to neither register nor query for data.
2019-09-30 17:11:42.500[main][main] INFO  c.netflix.discovery.DiscoveryClient - Discovery Client initialized at timestamp 1569834702497 with initial instances count: 0
2019-09-30 17:11:42.620[main][main] INFO  c.n.e.DefaultEurekaServerContext - Initializing ...
2019-09-30 17:11:42.626[main][main] WARN  c.n.eureka.cluster.PeerEurekaNodes - The replica size seems to be empty. Check the route 53 DNS Registry
2019-09-30 17:11:42.665[main][main] INFO  c.n.e.r.AbstractInstanceRegistry - Finished initializing remote region registries. All known remote regions: []
2019-09-30 17:11:42.668[main][main] INFO  c.n.e.DefaultEurekaServerContext - Initialized
2019-09-30 17:11:42.688[main][main] INFO  o.s.b.a.e.web.EndpointLinksResolver - Exposing 2 endpoint(s) beneath base path '/actuator'
2019-09-30 17:11:42.853[main][main] INFO  o.s.c.n.e.s.EurekaServiceRegistry - Registering application STARBALL-SPRINGBOOT-EUREKA-SERVER with eureka with status UP
2019-09-30 17:11:42.868[Thread-11][Thread-11] INFO  o.s.c.n.e.s.EurekaServerBootstrap - Setting the eureka configuration..
2019-09-30 17:11:42.870[Thread-11][Thread-11] INFO  o.s.c.n.e.s.EurekaServerBootstrap - Eureka data center value eureka.datacenter is not set, defaulting to default
2019-09-30 17:11:42.875[Thread-11][Thread-11] INFO  o.s.c.n.e.s.EurekaServerBootstrap - Eureka environment value eureka.environment is not set, defaulting to test
2019-09-30 17:11:42.891[main][main] INFO  o.a.coyote.http11.Http11NioProtocol - Starting ProtocolHandler ["http-nio-8100"]
2019-09-30 17:11:42.931[Thread-11][Thread-11] INFO  o.s.c.n.e.s.EurekaServerBootstrap - isAws returned false
2019-09-30 17:11:42.932[Thread-11][Thread-11] INFO  o.s.c.n.e.s.EurekaServerBootstrap - Initialized server context
2019-09-30 17:11:42.933[Thread-11][Thread-11] INFO  c.n.e.r.PeerAwareInstanceRegistryImpl - Got 1 instances from neighboring DS node
2019-09-30 17:11:42.933[Thread-11][Thread-11] INFO  c.n.e.r.PeerAwareInstanceRegistryImpl - Renew threshold is: 1
2019-09-30 17:11:42.934[Thread-11][Thread-11] INFO  c.n.e.r.PeerAwareInstanceRegistryImpl - Changing status to UP
2019-09-30 17:11:42.971[Thread-11][Thread-11] INFO  o.s.c.n.e.s.EurekaServerInitializerConfiguration - Started Eureka Server
2019-09-30 17:11:42.987[main][main] INFO  o.s.b.w.e.tomcat.TomcatWebServer - Tomcat started on port(s): 8100 (http) with context path ''
2019-09-30 17:11:42.990[main][main] INFO  o.s.c.n.e.s.EurekaAutoServiceRegistration - Updating port to 8100
2019-09-30 17:11:42.994[main][main] INFO  app.EurekaApplication - Started EurekaApplication in 18.867 seconds (JVM running for 21.941)
2019-09-30 17:11:43.018[main][main] INFO  app.EurekaApplication - Eureka Server is running...
2019-09-30 17:11:43.226[http-nio-8100-exec-10][http-nio-8100-exec-10] INFO  o.a.c.c.C.[Tomcat].[localhost].[/] - Initializing Spring DispatcherServlet 'dispatcherServlet'
2019-09-30 17:11:43.227[http-nio-8100-exec-10][http-nio-8100-exec-10] INFO  o.s.web.servlet.DispatcherServlet - Initializing Servlet 'dispatcherServlet'
2019-09-30 17:11:43.243[http-nio-8100-exec-10][http-nio-8100-exec-10] INFO  o.s.web.servlet.DispatcherServlet - Completed initialization in 16 ms
2019-09-30 17:12:42.952[Eureka-EvictionTimer][Eureka-EvictionTimer] INFO  c.n.e.r.AbstractInstanceRegistry - Running the evict task with compensationTime 0ms
2019-09-30 17:13:42.953[Eureka-EvictionTimer][Eureka-EvictionTimer] INFO  c.n.e.r.AbstractInstanceRegistry - Running the evict task with compensationTime 1ms
2019-09-30 17:14:42.954[Eureka-EvictionTimer][Eureka-EvictionTimer] INFO  c.n.e.r.AbstractInstanceRegistry - Running the evict task with compensationTime 0ms
2019-09-30 17:15:42.955[Eureka-EvictionTimer][Eureka-EvictionTimer] INFO  c.n.e.r.AbstractInstanceRegistry - Running the evict task with compensationTime 0ms
2019-09-30 17:16:42.956[Eureka-EvictionTimer][Eureka-EvictionTimer] INFO  c.n.e.r.AbstractInstanceRegistry - Running the evict task with compensationTime 1ms
2019-09-30 17:17:42.958[Eureka-EvictionTimer][Eureka-EvictionTimer] INFO  c.n.e.r.AbstractInstanceRegistry - Running the evict task with compensationTime 0ms
2019-09-30 17:18:42.961[Eureka-EvictionTimer][Eureka-EvictionTimer] INFO  c.n.e.r.AbstractInstanceRegistry - Running the evict task with compensationTime 0ms
2019-09-30 17:19:42.963[Eureka-EvictionTimer][Eureka-EvictionTimer] INFO  c.n.e.r.AbstractInstanceRegistry - Running the evict task with compensationTime 0ms
2019-09-30 17:20:42.966[Eureka-EvictionTimer][Eureka-EvictionTimer] INFO  c.n.e.r.AbstractInstanceRegistry - Running the evict task with compensationTime 0ms
2019-09-30 17:21:42.640[Eureka-PeerNodesUpdater][Eureka-PeerNodesUpdater] WARN  c.n.eureka.cluster.PeerEurekaNodes - The replica size seems to be empty. Check the route 53 DNS Registry
2019-09-30 17:21:42.969[Eureka-EvictionTimer][Eureka-EvictionTimer] INFO  c.n.e.r.AbstractInstanceRegistry - Running the evict task with compensationTime 1ms
2019-09-30 17:22:42.971[Eureka-EvictionTimer][Eureka-EvictionTimer] INFO  c.n.e.r.AbstractInstanceRegistry - Running the evict task with compensationTime 0ms
2019-09-30 17:23:42.972[Eureka-EvictionTimer][Eureka-EvictionTimer] INFO  c.n.e.r.AbstractInstanceRegistry - Running the evict task with compensationTime 0ms
2019-09-30 17:24:42.973[Eureka-EvictionTimer][Eureka-EvictionTimer] INFO  c.n.e.r.AbstractInstanceRegistry - Running the evict task with compensationTime 0ms
2019-09-30 17:25:42.975[Eureka-EvictionTimer][Eureka-EvictionTimer] INFO  c.n.e.r.AbstractInstanceRegistry - Running the evict task with compensationTime 1ms
2019-09-30 17:26:42.681[ReplicaAwareInstanceRegistry - RenewalThresholdUpdater][ReplicaAwareInstanceRegistry - RenewalThresholdUpdater] INFO  c.n.e.r.PeerAwareInstanceRegistryImpl - Current renewal threshold is : 1
2019-09-30 17:26:42.975[Eureka-EvictionTimer][Eureka-EvictionTimer] INFO  c.n.e.r.AbstractInstanceRegistry - Running the evict task with compensationTime 0ms
2019-09-30 17:27:42.976[Eureka-EvictionTimer][Eureka-EvictionTimer] INFO  c.n.e.r.AbstractInstanceRegistry - Running the evict task with compensationTime 0ms
2019-09-30 17:28:42.976[Eureka-EvictionTimer][Eureka-EvictionTimer] INFO  c.n.e.r.AbstractInstanceRegistry - Running the evict task with compensationTime 0ms
2019-09-30 17:29:42.977[Eureka-EvictionTimer][Eureka-EvictionTimer] INFO  c.n.e.r.AbstractInstanceRegistry - Running the evict task with compensationTime 0ms
2019-09-30 17:30:42.978[Eureka-EvictionTimer][Eureka-EvictionTimer] INFO  c.n.e.r.AbstractInstanceRegistry - Running the evict task with compensationTime 0ms
2019-09-30 17:31:42.649[Eureka-PeerNodesUpdater][Eureka-PeerNodesUpdater] WARN  c.n.eureka.cluster.PeerEurekaNodes - The replica size seems to be empty. Check the route 53 DNS Registry
2019-09-30 17:31:42.980[Eureka-EvictionTimer][Eureka-EvictionTimer] INFO  c.n.e.r.AbstractInstanceRegistry - Running the evict task with compensationTime 1ms
2019-09-30 17:32:42.981[Eureka-EvictionTimer][Eureka-EvictionTimer] INFO  c.n.e.r.AbstractInstanceRegistry - Running the evict task with compensationTime 0ms
2019-09-30 17:33:42.982[Eureka-EvictionTimer][Eureka-EvictionTimer] INFO  c.n.e.r.AbstractInstanceRegistry - Running the evict task with compensationTime 1ms
2019-09-30 17:34:42.982[Eureka-EvictionTimer][Eureka-EvictionTimer] INFO  c.n.e.r.AbstractInstanceRegistry - Running the evict task with compensationTime 0ms
2019-09-30 17:35:42.983[Eureka-EvictionTimer][Eureka-EvictionTimer] INFO  c.n.e.r.AbstractInstanceRegistry - Running the evict task with compensationTime 0ms
2019-09-30 17:36:42.983[Eureka-EvictionTimer][Eureka-EvictionTimer] INFO  c.n.e.r.AbstractInstanceRegistry - Running the evict task with compensationTime 0ms
2019-09-30 17:37:42.984[Eureka-EvictionTimer][Eureka-EvictionTimer] INFO  c.n.e.r.AbstractInstanceRegistry - Running the evict task with compensationTime 0ms
2019-09-30 17:38:42.985[Eureka-EvictionTimer][Eureka-EvictionTimer] INFO  c.n.e.r.AbstractInstanceRegistry - Running the evict task with compensationTime 1ms
2019-09-30 17:39:42.985[Eureka-EvictionTimer][Eureka-EvictionTimer] INFO  c.n.e.r.AbstractInstanceRegistry - Running the evict task with compensationTime 0ms
2019-09-30 17:40:54.271[Eureka-EvictionTimer][Eureka-EvictionTimer] INFO  c.n.e.r.AbstractInstanceRegistry - Running the evict task with compensationTime 11328ms
2019-09-30 17:41:53.941[Eureka-PeerNodesUpdater][Eureka-PeerNodesUpdater] WARN  c.n.eureka.cluster.PeerEurekaNodes - The replica size seems to be empty. Check the route 53 DNS Registry
2019-09-30 17:41:53.977[ReplicaAwareInstanceRegistry - RenewalThresholdUpdater][ReplicaAwareInstanceRegistry - RenewalThresholdUpdater] INFO  c.n.e.r.PeerAwareInstanceRegistryImpl - Current renewal threshold is : 1
2019-09-30 17:41:54.286[Eureka-EvictionTimer][Eureka-EvictionTimer] INFO  c.n.e.r.AbstractInstanceRegistry - Running the evict task with compensationTime 16ms
2019-09-30 17:42:54.287[Eureka-EvictionTimer][Eureka-EvictionTimer] INFO  c.n.e.r.AbstractInstanceRegistry - Running the evict task with compensationTime 0ms
2019-09-30 17:43:54.287[Eureka-EvictionTimer][Eureka-EvictionTimer] INFO  c.n.e.r.AbstractInstanceRegistry - Running the evict task with compensationTime 0ms
2019-09-30 17:44:54.291[Eureka-EvictionTimer][Eureka-EvictionTimer] INFO  c.n.e.r.AbstractInstanceRegistry - Running the evict task with compensationTime 4ms
2019-09-30 17:45:54.295[Eureka-EvictionTimer][Eureka-EvictionTimer] INFO  c.n.e.r.AbstractInstanceRegistry - Running the evict task with compensationTime 4ms
2019-09-30 17:46:54.296[Eureka-EvictionTimer][Eureka-EvictionTimer] INFO  c.n.e.r.AbstractInstanceRegistry - Running the evict task with compensationTime 58ms
2019-09-30 17:47:54.298[Eureka-EvictionTimer][Eureka-EvictionTimer] INFO  c.n.e.r.AbstractInstanceRegistry - Running the evict task with compensationTime 60ms
2019-09-30 17:48:54.301[Eureka-EvictionTimer][Eureka-EvictionTimer] INFO  c.n.e.r.AbstractInstanceRegistry - Running the evict task with compensationTime 61ms
2019-09-30 17:49:54.303[Eureka-EvictionTimer][Eureka-EvictionTimer] INFO  c.n.e.r.AbstractInstanceRegistry - Running the evict task with compensationTime 59ms
2019-09-30 17:50:54.304[Eureka-EvictionTimer][Eureka-EvictionTimer] INFO  c.n.e.r.AbstractInstanceRegistry - Running the evict task with compensationTime 59ms
2019-09-30 17:51:53.692[Eureka-PeerNodesUpdater][Eureka-PeerNodesUpdater] WARN  c.n.eureka.cluster.PeerEurekaNodes - The replica size seems to be empty. Check the route 53 DNS Registry
2019-09-30 17:51:54.306[Eureka-EvictionTimer][Eureka-EvictionTimer] INFO  c.n.e.r.AbstractInstanceRegistry - Running the evict task with compensationTime 1ms
2019-09-30 17:52:54.311[Eureka-EvictionTimer][Eureka-EvictionTimer] INFO  c.n.e.r.AbstractInstanceRegistry - Running the evict task with compensationTime 5ms
2019-09-30 17:53:54.312[Eureka-EvictionTimer][Eureka-EvictionTimer] INFO  c.n.e.r.AbstractInstanceRegistry - Running the evict task with compensationTime 0ms
2019-09-30 17:54:54.312[Eureka-EvictionTimer][Eureka-EvictionTimer] INFO  c.n.e.r.AbstractInstanceRegistry - Running the evict task with compensationTime 0ms
2019-09-30 17:55:54.313[Eureka-EvictionTimer][Eureka-EvictionTimer] INFO  c.n.e.r.AbstractInstanceRegistry - Running the evict task with compensationTime 1ms
